<?xml version="1.0" encoding="UTF-8"?>
<!-- Generated by org.testng.reporters.JUnitReportReporter -->
<testsuite skipped="0" hostname="DESKTOP-OEDJJGO" name="webmailLogin.Weblogin" tests="1" failures="0" timestamp="2021-04-21T17:50:07 IST" time="25.102" errors="1">
  <testcase name="weblogin" time="25.102" classname="webmailLogin.Weblogin">
    <error type="org.openqa.selenium.SessionNotCreatedException" message="session not created: This version of ChromeDriver only supports Chrome version 87
Current browser version is 90.0.4430.72 with binary path C:\Program Files (x86)\Google\Chrome\Application\chrome.exe
Build info: version: &#039;3.141.59&#039;, revision: &#039;e82be7d358&#039;, time: &#039;2018-11-14T08:25:48&#039;
System info: host: &#039;DESKTOP-OEDJJGO&#039;, ip: &#039;172.16.10.120&#039;, os.name: &#039;Windows 10&#039;, os.arch: &#039;amd64&#039;, os.version: &#039;10.0&#039;, java.version: &#039;1.8.0_241&#039;
Driver info: driver.version: ChromeDriver
remote stacktrace: Backtrace:
	Ordinal0 [0x006BC0C3+3326147]
	Ordinal0 [0x005A0851+2164817]
	Ordinal0 [0x00427298+619160]
	Ordinal0 [0x003A1D92+73106]
	Ordinal0 [0x0039E119+57625]
	Ordinal0 [0x0039C38A+50058]
	Ordinal0 [0x003C5F3E+220990]
	Ordinal0 [0x003C5CAC+220332]
	Ordinal0 [0x003C189B+202907]
	Ordinal0 [0x003A3DF4+81396]
	Ordinal0 [0x003A4DEE+85486]
	Ordinal0 [0x003A4D79+85369]
	Ordinal0 [0x005B85DC+2262492]
	GetHandleVerifier [0x00842874+1487204]
	GetHandleVerifier [0x008423CD+1486013]
	GetHandleVerifier [0x0084A368+1518680]
	GetHandleVerifier [0x00842F4E+1488958]
	Ordinal0 [0x005AED0D+2223373]
	Ordinal0 [0x005BA12B+2269483]
	Ordinal0 [0x005BA26F+2269807]
	Ordinal0 [0x005CECB8+2354360]
	BaseThreadInitThunk [0x75386359+25]
	RtlGetAppContainerNamedObjectPath [0x77678964+228]
	RtlGetAppContainerNamedObjectPath [0x77678934+180]
">
      <![CDATA[org.openqa.selenium.SessionNotCreatedException: session not created: This version of ChromeDriver only supports Chrome version 87
Current browser version is 90.0.4430.72 with binary path C:\Program Files (x86)\Google\Chrome\Application\chrome.exe
Build info: version: '3.141.59', revision: 'e82be7d358', time: '2018-11-14T08:25:48'
System info: host: 'DESKTOP-OEDJJGO', ip: '172.16.10.120', os.name: 'Windows 10', os.arch: 'amd64', os.version: '10.0', java.version: '1.8.0_241'
Driver info: driver.version: ChromeDriver
remote stacktrace: Backtrace:
Ordinal0 [0x006BC0C3+3326147]
Ordinal0 [0x005A0851+2164817]
Ordinal0 [0x00427298+619160]
Ordinal0 [0x003A1D92+73106]
Ordinal0 [0x0039E119+57625]
Ordinal0 [0x0039C38A+50058]
Ordinal0 [0x003C5F3E+220990]
Ordinal0 [0x003C5CAC+220332]
Ordinal0 [0x003C189B+202907]
Ordinal0 [0x003A3DF4+81396]
Ordinal0 [0x003A4DEE+85486]
Ordinal0 [0x003A4D79+85369]
Ordinal0 [0x005B85DC+2262492]
GetHandleVerifier [0x00842874+1487204]
GetHandleVerifier [0x008423CD+1486013]
GetHandleVerifier [0x0084A368+1518680]
GetHandleVerifier [0x00842F4E+1488958]
Ordinal0 [0x005AED0D+2223373]
Ordinal0 [0x005BA12B+2269483]
Ordinal0 [0x005BA26F+2269807]
Ordinal0 [0x005CECB8+2354360]
BaseThreadInitThunk [0x75386359+25]
RtlGetAppContainerNamedObjectPath [0x77678964+228]
RtlGetAppContainerNamedObjectPath [0x77678934+180]

at sun.reflect.NativeConstructorAccessorImpl.newInstance0(Native Method)
at sun.reflect.NativeConstructorAccessorImpl.newInstance(Unknown Source)
at sun.reflect.DelegatingConstructorAccessorImpl.newInstance(Unknown Source)
at java.lang.reflect.Constructor.newInstance(Unknown Source)
at org.openqa.selenium.remote.W3CHandshakeResponse.lambda$errorHandler$0(W3CHandshakeResponse.java:62)
at org.openqa.selenium.remote.HandshakeResponse.lambda$getResponseFunction$0(HandshakeResponse.java:30)
at org.openqa.selenium.remote.ProtocolHandshake.lambda$createSession$0(ProtocolHandshake.java:126)
at java.util.stream.ReferencePipeline$3$1.accept(Unknown Source)
at java.util.Spliterators$ArraySpliterator.tryAdvance(Unknown Source)
at java.util.stream.ReferencePipeline.forEachWithCancel(Unknown Source)
at java.util.stream.AbstractPipeline.copyIntoWithCancel(Unknown Source)
at java.util.stream.AbstractPipeline.copyInto(Unknown Source)
at java.util.stream.AbstractPipeline.wrapAndCopyInto(Unknown Source)
at java.util.stream.FindOps$FindOp.evaluateSequential(Unknown Source)
at java.util.stream.AbstractPipeline.evaluate(Unknown Source)
at java.util.stream.ReferencePipeline.findFirst(Unknown Source)
at org.openqa.selenium.remote.ProtocolHandshake.createSession(ProtocolHandshake.java:128)
at org.openqa.selenium.remote.ProtocolHandshake.createSession(ProtocolHandshake.java:74)
at org.openqa.selenium.remote.HttpCommandExecutor.execute(HttpCommandExecutor.java:136)
at org.openqa.selenium.remote.service.DriverCommandExecutor.execute(DriverCommandExecutor.java:83)
at org.openqa.selenium.remote.RemoteWebDriver.execute(RemoteWebDriver.java:552)
at org.openqa.selenium.remote.RemoteWebDriver.startSession(RemoteWebDriver.java:213)
at org.openqa.selenium.remote.RemoteWebDriver.<init>(RemoteWebDriver.java:131)
at org.openqa.selenium.chrome.ChromeDriver.<init>(ChromeDriver.java:181)
at org.openqa.selenium.chrome.ChromeDriver.<init>(ChromeDriver.java:168)
at org.openqa.selenium.chrome.ChromeDriver.<init>(ChromeDriver.java:157)
at webmailLogin.Weblogin.weblogin(Weblogin.java:29)
at sun.reflect.NativeMethodAccessorImpl.invoke0(Native Method)
at sun.reflect.NativeMethodAccessorImpl.invoke(Unknown Source)
at sun.reflect.DelegatingMethodAccessorImpl.invoke(Unknown Source)
at java.lang.reflect.Method.invoke(Unknown Source)
at org.testng.internal.MethodInvocationHelper.invokeMethod(MethodInvocationHelper.java:135)
at org.testng.internal.TestInvoker.invokeMethod(TestInvoker.java:598)
at org.testng.internal.TestInvoker.invokeTestMethod(TestInvoker.java:174)
at org.testng.internal.MethodRunner.runInSequence(MethodRunner.java:46)
at org.testng.internal.TestInvoker$MethodInvocationAgent.invoke(TestInvoker.java:821)
at org.testng.internal.TestInvoker.invokeTestMethods(TestInvoker.java:147)
at org.testng.internal.TestMethodWorker.invokeTestMethods(TestMethodWorker.java:146)
at org.testng.internal.TestMethodWorker.run(TestMethodWorker.java:128)
at java.util.ArrayList.forEach(Unknown Source)
at org.testng.TestRunner.privateRun(TestRunner.java:767)
at org.testng.TestRunner.run(TestRunner.java:588)
at org.testng.SuiteRunner.runTest(SuiteRunner.java:384)
at org.testng.SuiteRunner.runSequentially(SuiteRunner.java:378)
at org.testng.SuiteRunner.privateRun(SuiteRunner.java:337)
at org.testng.SuiteRunner.run(SuiteRunner.java:286)
at org.testng.SuiteRunnerWorker.runSuite(SuiteRunnerWorker.java:53)
at org.testng.SuiteRunnerWorker.run(SuiteRunnerWorker.java:96)
at org.testng.TestNG.runSuitesSequentially(TestNG.java:1214)
at org.testng.TestNG.runSuitesLocally(TestNG.java:1136)
at org.testng.TestNG.runSuites(TestNG.java:1066)
at org.testng.TestNG.run(TestNG.java:1034)
at org.testng.remote.AbstractRemoteTestNG.run(AbstractRemoteTestNG.java:115)
at org.testng.remote.RemoteTestNG.initAndRun(RemoteTestNG.java:251)
at org.testng.remote.RemoteTestNG.main(RemoteTestNG.java:77)
]]>
    </error>
  </testcase> <!-- weblogin -->
  <system-out/>
</testsuite> <!-- webmailLogin.Weblogin -->
